make.exe all --print-data-base --no-builtin-variables --no-builtin-rules --question
make: *** No rule to make target 'all'.  Stop.

# GNU Make 4.3
# Built for Windows32
# Copyright (C) 1988-2020 Free Software Foundation, Inc.
# License GPLv3+: GNU GPL version 3 or later <http://gnu.org/licenses/gpl.html>
# This is free software: you are free to change and redistribute it.
# There is NO WARRANTY, to the extent permitted by law.
 

# Make data base, printed on Sun Jun 12 23:24:27 2022

# Variables

# environment
FPS_BROWSER_APP_PROFILE_STRING = Internet Explorer
# environment
SYSTEMDRIVE = C:
# environment
JAVA_HOME = C:\Program Files (x86)\Java\jdk1.7.0_55
# environment
LC_ALL = C
# environment
OCULUSBASE = C:\Program Files\Oculus\
# environment
USERPROFILE = C:\Users\paul.LOCAL
# environment
VBOX_MSI_INSTALL_PATH = C:\Program Files\Oracle\VirtualBox\
# environment
KINECTSDK10_DIR = C:\Program Files\Microsoft SDKs\Kinect\v1.8\
# env 
ironment
MKL_SERIAL = YES
# environment
POTHOS_ROOT = d:\PothosSDR
# environment
LOCALAPPDATA = C:\Users\paul.LOCAL\AppData\Local
# environment
VSCODE_IPC_HOOK_EXTHOST = \\.\pipe\vscode-ipc-9c6a7f22-9f77-4b89-bb11-31100e7445d4-sock
# environment
VSCODE_CWD = C:\Program Files\Microsoft VS Code
# environment
CARBON_MEM_DISABLE = 1
# environment
CHOCOLATEYINSTALL = C:\ProgramData\chocolatey
# environment
SYSTEMROOT = C:\WINDOWS
# environment
KINECT_TOOLKIT_DIR = C:\Program Files\Microsoft SDKs\Kinect\Developer 
 Toolkit v1.8.0\
# environment
PROCESSOR_LEVEL = 6
# environment
PSMODULEPATH = C:\Users\paul.LOCAL\Documents\WindowsPowerShell\Modules;C:\Users\paul.LOCAL\AppData\Roaming\Boxstarter
# default
MAKE_COMMAND := C:/ProgramData/chocolatey/lib/make/tools/install/bin/make.exe
# environment
NO_XILINX_DATA_LICENSE = HIDDEN
# automatic
@D = $(patsubst %/,%,$(patsubst %\,%,$(dir $@)))
# environment
CHROME_CRASHPAD_PIPE_NAME = \\.\pipe\crashpad_3816_EGVHZGNUFEZHAPXM
# environment
ONEDRIVECOMMERCIAL = C:\CallidexOneDri 
ve\OneDrive - Callidex Pty Ltd
# environment
FPS_BROWSER_USER_PROFILE_STRING = Default
# environment
VSCODE_HANDLES_UNCAUGHT_ERRORS = true
# default
.VARIABLES := 
# automatic
%D = $(patsubst %/,%,$(patsubst %\,%,$(dir $%)))
# environment
VS110COMNTOOLS = C:\Program Files (x86)\Microsoft Visual Studio 11.0\Common7\Tools\
# automatic
^D = $(patsubst %/,%,$(patsubst %\,%,$(dir $^)))
# environment
VSCODE_LOG_STACK = false
# automatic
%F = $(notdir $%)
# environment
VSCODE_CODE_CACHE_PATH = C:\Users\paul.LOCAL\AppData\Roaming\Code\CachedData\c3511e6c69bb39013c4a4b7b9566ec1ca73fc4d5
# environment
LANG = C
# default
.LOADED := 
# environment
TMP = C:\Users\PAUL~1.LOC\AppData\Local\Temp
# default
.INCLUDE_DIRS = .
# environment
VISUALGDB_DIR = C:\Program Files (x86)\Sysprogs\VisualGDB\
# environment
PROCESSOR_ARCHITEW6432 = AMD64
# makefile
MAKEFLAGS = pqrR
# environment
ONEDRIVE = C:\CallidexOneDrive\OneDrive - Callidex Pty Ltd
# makefile
CURDIR := c:/GitHub/my12
# environment
VS150ENTCOMNTOOLS = C:\Program Files (x86)\Microsoft Visual Studio\2017\Enterprise\Common7\Tools\
# environment
VSCODE_PIPE_LOGGING = true
# environment
APPLICATION_INSIGHTS_NO_DIAGNOSTIC_CHANNEL = 1
# automatic
*D = $(patsubst %/,%,$(patsubst %\,%,$(dir $*)))
# environment
PROGRAMFILES = C:\Program Files (x86)
# environment
MFLAGS = -pqrR
# default
.SHELLFLAGS := -c
# environment
COMMONPROGRAMW6432 = C:\Program Files\Common Files
# automatic
+D = $(patsubst %/,%,$(patsubst %\,%,$(dir $+)))
# environment
IDF_TOOLS_PATH = C:\Users\paul.LOCAL\.espressif
# makefile
MAKEFILE_LIST := 
# automatic
@F = $(notdir $@)
# environment
VSCODE_VERBOSE_LOGGING = true
# environment
VSCODE_PID = 3816
# environment
DASHLANE_DLL_DIR = C:\Users\paul.LOCAL\AppData\Roaming\Dashlane\6.1905.1.17471\bin\Firefox_Extension\{442718d9-475e-452a-b3e1-fb1ee16b8e9f}\components;C:\Users\paul.LOCAL\AppData\Roaming\Dashlane\6.1905.1.17471\ucrt;C:\Users\paul.LOCAL\AppData\Roaming\Dashlane\6.1905.1.17471\bin\Qt;C:\Users\paul.LOCAL\AppData\Roaming\Dashlane\6.1905.1.17471\bin\Ssl
# au 
tomatic
?D = $(patsubst %/,%,$(patsubst %\,%,$(dir $?)))
# automatic
*F = $(notdir $*)
# automatic
<D = $(patsubst %/,%,$(patsubst %\,%,$(dir $<)))
# environment
VSCODE_NLS_CONFIG = {"locale":"en-gb","availableLanguages":{},"_languagePackSupport":true}
# environment
ADT_HOME = C:\Program Files (x86)\Android\android-sdk
# default
MAKE_HOST := Windows32
# environment
GIT_HOME = C:\Program Files (x86)\Git
# environment
PROGRAMDATA = C:\ProgramData
# default
SHELL := sh.exe
# environment
VS120COMNTOOLS = C:\Program Files (x86)\Microsoft Visual Studio 12.0\Common7\Tools\
# environment
HOMEPATH = \Users\paul.LOCAL
# environment
PLATFORMIO_CALLER = vscode
# default
MAKECMDGOALS := all
# environment
MYSQLCONNECTOR_ASSEMBLIESPATH = C:\Program Files (x86)\MySQL\Connector NET 8.0\Assemblies\v4.5
# environment
DRIVERDATA = C:\Windows\System32\Drivers\DriverData
# environment
COMSPEC = C:\WINDOWS\system32\cmd.exe
# environment
ADSK_3DSMAX_X64_2015 = C:\Program Files\Autodesk\3ds Max 2015\
# environment
WINDIR = C:\WINDOWS
# environment
MAKELEVEL := 0
# default
MAKE = $(MAKE_COMMAND)
# environment
FTSDK_DIR = C:\Program Files\Microsoft SDKs\Kinect\Developer Toolkit v1.8.0\
# environment
PATH = C:\Program Files (x86)\Razer Chroma SDK\bin;C:\Program Files\Razer Chroma SDK\bin;C:\Program Files (x86)\Razer\ChromaBroadcast\bin;C:\Program Files\Razer\ChromaBroadcast\bin;C:\Program Files\Oculus\Support\oculus-runtime;C:\Users\paul.LOCAL\AppData\Local\Programs\Python\Python310;C:\ProgramData\Oracle\Java\javapath;C:\Program Files (x86)\Common Files\Oracle\Java\javapath;C:\WINDOWS\system32;C:\WINDOWS;C:\WINDOWS\System32\Wbem;C:\WINDOWS\System32\WindowsPowerShell\v1.0\;d:\WinAVR-20100110\bin;d:\WinAVR-20100110\utils\bin;C:\Program Files\dotnet\;C:\Program Files\Microsoft SQL Server\130\Tools\Binn\;C:\Program Files\PuTTY\;C:\Program Files\GTK2-Runtime Win64\bin;C:\Program Files\Microsoft SQL Server\120\Tools\Binn\;C:\Program Files\Microsoft SQL Server\Client SDK\ODBC\110\Tools\Binn\;C:\Program Files (x86)\Microsoft SQL Server\120\Tools\Binn\ManagementStudio\;C:\Program Files (x86)\Microsoft SQL Server\120\Tools\Binn\;C:\Program Files (x86)\Microsoft SQL Server\120\DTS\Binn\;C:\Program Files (x86)\MySQL\MySQL Utilities 1.6\;C:\Users\paul.LOCAL\AppData\Roaming\nvm;C:\Program Files\nodejs;C:\Users\paul.LOCAL\AppData\Roaming\nvm\v10.3.0;C:\WINDOWS\System32\OpenSSH\;C:\Program Files\Git\cmd;C:\Program Files\Microsoft SQL Server\Client SDK\ODBC\130\Tools\Binn\;C:\Program Files (x86)\Microsoft SQL Server\140\Tools\Binn\;C:\Program Files\Microsoft SQL Server\140\Tools\Binn\;C:\Program Files\Microsoft SQL Server\140\DTS\Binn\;C:\ProgramData\chocolatey\bin;C:\Program Files\Microsoft SQL Server\Client SDK\ODBC\170\Tools\Binn\;C:\Program Files (x86)\Mitel\Connect\;C:\Program Files\NVIDIA Corporation\NVIDIA NvDLISR;C:\Program Files (x86)\NVIDIA Corporation\PhysX\Common;C:\WINDOWS\system32;C:\WINDOWS;C:\WINDOWS\System32\Wbem;C:\WINDOWS\System32\WindowsPowerShell\v1.0\;C:\WINDOWS\System32\OpenSSH\;C:\Program Files\Microsoft VS Code\bin;C:\Program Files\Microsoft Network Monitor 3\;C:\Program Files\nodejs\;C:\Program Files\Docker\Docker\resources\bin;C:\ProgramData\DockerDesktop\version-bin;C:\Program Files\Microsoft SQL Server\150\Tools\Binn\;C:\Program Files\CMake\bin;C:\Program Files (x86)\dotnet-core-unin;C:\Program Files (x86)\dotnet-core-uninstall\;C:\WINDOWS\system32\config\systemprofile\AppData\Local\Microsoft\WindowsApps;C:\Users\paul.LOCAL\AppData\Local\Programs\Python\Python310\Scripts;C:\Users\paul.LOCAL\AppData\Roaming\Dashlane\4.8.8.36676\bin\Firefox_Extension\{442718d9-475e-452a-b3e1-fb1ee16b8e9f}\components;C:\Users\paul.LOCAL\AppData\Roaming\Dashlane\4.8.8.36676\ucrt;C:\Users\paul.LOCAL\AppData\Local\GitHubDesktop\bin;D:\PothosSDR\bin;C:\Users\paul.LOCAL\AppData\Local\Microsoft\WindowsApps;C:\Users\paul.LOCAL\AppData\Roaming\nvm;C:\Program Files\nodejs;C:\Users\paul.LOCAL\AppData\Roaming\Dashlane\6.0.3.11395\bin\Firefox_Extension\{442718d9-475e-452a-b3e1-fb1ee16b8e9f}\components;C:\Users\paul.LOCAL\AppData\Roaming\Dashlane\6.0.3.11395\ucrt;C:\Users\paul.LOCAL\AppData\Roaming\Dashlane\6.0.3.11395\bin\Qt;C:\Users\paul.LOCAL\AppData\Roaming\Dashlane\6.0.3.11395\bin\Ssl;C:\Users\paul.LOCAL\.dotnet\tools;C:\Users\paul.LOCAL\AppData\Roaming\Dashlane\6.1905.1.17471\bin\Firefox_Extension\{442718d9-475e-452a-b3e1-fb1ee16b8e9f}\components;C:\Users\paul.LOCAL\AppData\Roaming\Dashlane\6.1905.1.17471\ucrt;C:\Users\paul.LOCAL\AppData\Roaming\Dashlane\6.1905.1.17471\bin\Qt;C:\Users\paul.LOCAL\AppData\Roaming\Dashlane\6.1905.1.17471\bin\Ssl;D:\VS Code\bin;C:\Users\paul.LOCAL\AppData\Local\Microsoft\WindowsApps;C:\Program Files (x86)\FAHClient;C:\Program Files\PostgreSQL\12\bin;C:\Users\paul.LOCAL\AppData\Roaming\npm;C:\Users\paul.LOCAL\.dotnet\tools;
# environment
COMPUTERNAME = WINDEV8
# default
MAKEFILES := 
# environment
KMP_DUPLICATE_LIB_OK = TRUE
# automatic
^F = $(notdir $^)
# environment
NIEXTCCOMPILERSUPP = D:\National Instruments\Shared\ExternalCompilerSupport\C\
# environment
PROMPT = $P$G
# environment
OPENSSL_CONF = C:\OpenSSL-Win32\bin\openssl.cfg
# environment
CHOCOLATEYLASTPATHUPDATE = 132187788387978930
# environment
VXIPNPPATH64 = C:\Program Files\IVI Foundation\VISA\
# environment
AVR32_HOME = d:\WinAVR-20100110
# environment
LOGONSERVER = \\WINDEV8
# environment
VSCODE_LOG_NATIVE = false
# environment
USERNAME = paul
# environment
ANDROID_SDK_HOME = d:\Android
# environment
RANDFILE = C:\Program Files (x86)\NTP\etc\.rnd
# environment
COMMONPROGRAMFILES = C:\Program Files (x86)\Common Files
# automatic
?F = $(notdir $?)
# environment
TFSPOWERTOOLDIR = C:\Program Files (x86)\Microsoft Team Foundation Server 2015 Power Tools\
# environment
PROGRAMW6432 = C:\Program Files
# environment
NO_PROXY = 127.0.0.1
# environment
PATHEXT = .COM;.EXE;.BAT;.CMD;.VBS;.VBE;.JS;.JSE;.WSF;.WSH;.MSC;.PY;.PYW
# automatic
+F = $(notdir $+)
# environment
ORIGINAL_XDG_CURRENT_DESKTOP = undefined
# environment
USERDOMAIN = WINDEV8
# 'override' directive
GNUMAKEFLAGS := 
# environment
VS140COMNTOOLS = D:\Microsoft Visual Studio 14.0\Common7\Tools\
# environment
OS = Windows_NT 

# environment
FP_NO_HOST_CHECK = NO
# environment
PLATFORMIO_PATH = C:\Users\paul.LOCAL\.platformio\python3;C:\Program Files (x86)\Razer Chroma SDK\bin;C:\Program Files\Razer Chroma SDK\bin;C:\Program Files (x86)\Razer\ChromaBroadcast\bin;C:\Program Files\Razer\ChromaBroadcast\bin;C:\Program Files\Oculus\Support\oculus-runtime;C:\Users\paul.LOCAL\AppData\Local\Programs\Python\Python310;C:\ProgramData\Oracle\Java\javapath;C:\Program Files (x86)\Common Files\Oracle\Java\javapath;C:\WINDOWS\system32;C:\WINDOWS;C:\WINDOWS\System32\Wbem;C:\WINDOWS\System32\WindowsPowerShell\v1.0\;d:\WinAVR-20100110\bin;d:\WinAVR-20100110\utils\bin;C:\Program Files\dotnet\;C:\Program Files\Microsoft SQL Server\130\Tools\Binn\;C:\Program Files\PuTTY\;C:\Program Files\GTK2-Runtime Win64\bin;C:\Program Files\Microsoft SQL Server\120\Tools\Binn\;C:\Program Files\Microsoft SQL Server\Client SDK\ODBC\110\Tools\Binn\;C:\Program Files (x86)\Microsoft SQL Server\120\Tools\Binn\ManagementStudio\;C:\Program Files (x86)\Microsoft SQL Server\120\Tools\Binn\;C:\Program Files (x86)\Microsoft SQL Server\120\DTS\Binn\;C:\Program Files (x86)\MySQL\MySQL Utilities 1.6\;C:\Users\paul.LOCAL\AppData\Roaming\nvm;C:\Program Files\nodejs;C:\Users\paul.LOCAL\AppData\Roaming\nvm\v10.3.0;C:\WINDOWS\System32\OpenSSH\;C:\Program Files\Git\cmd;C:\Program Files\Microsoft SQL Server\Client SDK\ODBC\130\Tools\Binn\;C:\Program Files (x86)\Microsoft SQL Server\140\Tools\Binn\;C:\Program Files\Microsoft SQL Server\140\Tools\Binn\;C:\Program Files\Microsoft SQL Server\140\DTS\Binn\;C:\ProgramData\chocolatey\bin;C:\Program Files\Microsoft SQL Server\Client SDK\ODBC\170\Tools\Binn\;C:\Program Files (x86)\Mitel\Connect\;C:\Program Files\NVIDIA Corporation\NVIDIA NvDLISR;C:\Program Files (x86)\NVIDIA Corporation\PhysX\Common;C:\WINDOWS\system32;C:\WINDOWS;C:\WINDOWS\System32\Wbem;C:\WINDOWS\System32\WindowsPowerShell\v1.0\;C:\WINDOWS\System32\OpenSSH\;C:\Program Files\Microsoft VS Code\bin;C:\Program Files\Microsoft Network Monitor 3\;C:\Program Files\nodejs\;C:\Program Files\Docker\Docker\resources\bin;C:\ProgramData\DockerDesktop\version-bin;C:\Program Files\Microsoft SQL Server\150\Tools\Binn\;C:\Program Files\CMake\bin;C:\Program Files (x86)\dotnet-core-unin;C:\Program Files (x86)\dotnet-core-uninstall\;C:\WINDOWS\system32\config\systemprofile\AppData\Local\Microsoft\WindowsApps;C:\Users\paul.LOCAL\AppData\Local\Programs\Python\Python310\Scripts;C:\Users\paul.LOCAL\AppData\Roaming\Dashlane\4.8.8.36676\bin\Firefox_Extension\{442718d9-475e-452a-b3e1-fb1ee16b8e9f}\components;C:\Users\paul.LOCAL\AppData\Roaming\Dashlane\4.8.8.36676\ucrt;C:\Users\paul.LOCAL\AppData\Local\GitHubDesktop\bin;D:\PothosSDR\bin;C:\Users\paul.LOCAL\AppData\Local\Microsoft\WindowsApps;C:\Users\paul.LOCAL\AppData\Roaming\nvm;C:\Program Files\nodejs;C:\Users\paul.LOCAL\AppData\Roaming\Dashlane\6.0.3.11395\bin\Firefox_Extension\{442718d9-475e-452a-b3e1-fb1ee16b8e9f}\components;C:\Users\paul.LOCAL\AppData\Roaming\Dashlane\6.0.3.11395\ucrt;C:\Users\paul.LOCAL\AppData\Roaming\Dashlane\6.0.3.11395\bin\Qt;C:\Users\paul.LOCAL\AppData\Roaming\Dashlane\6.0.3.11395\bin\Ssl;C:\Users\paul.LOCAL\.dotnet\tools;C:\Users\paul.LOCAL\AppData\Roaming\Dashlane\6.1905.1.17471\bin\Firefox_Extension\{442718d9-475e-452a-b3e1-fb1ee16b8e9f}\components;C:\Users\paul.LOCAL\AppData\Roaming\Dashlane\6.1905.1.17471\ucrt;C:\Users\paul.LOCAL\AppData\Roaming\Dashlane\6.1905.1.17471\bin\Qt;C:\Users\paul.LOCAL\AppData\Roaming\Dashlane\6.1905.1.17471\bin\Ssl;D:\VS Code\bin;C:\Users\paul.LOCAL\AppData\Local\Microsoft\WindowsApps;C:\Program Files (x86)\FAHClient;C:\Program Files\PostgreSQL\12\bin;C:\Users\paul.LOCAL\AppData\Roaming\npm;C:\Users\paul.LOCAL\.dotnet\tools;;C:\Program Files (x86)\Razer Chroma SDK\bin;C:\Program Files\Razer Chroma SDK\bin;C:\Program Files (x86)\Razer\ChromaBroadcast\bin;C:\Program Files\Razer\ChromaBroadcast\bin;C:\Program Files\Oculus\Support\oculus-runtime;C:\Users\paul.LOCAL\AppData\Local\Programs\Python\Python310;C:\ProgramData\Oracle\Java\javapath;C:\Program Files (x86)\Common Files\Oracle\Java\javapath;C:\WINDOWS\system32;C:\WINDOWS;C:\WINDOWS\System32\Wbem;C:\WINDOWS\System32\WindowsPowerShell\v1.0\;d:\WinAVR-20100110\bin;d:\WinAVR-20100110\utils\bin;C:\Program Files\dotnet\;C:\Program Files\Microsoft SQL Server\130\Tools\Binn\;C:\Program Files\PuTTY\;C:\Program Files\GTK2-Runtime Win64\bin;C:\Program Files\Microsoft SQL Server\120\Tools\Binn\;C:\Program Files\Microsoft SQL Server\Client SDK\ODBC\110\Tools\Binn\;C:\Program Files (x86)\Microsoft SQL Server\120\Tools\Binn\ManagementStudio\;C:\Program Files (x86)\Microsoft SQL Server\120\Tools\Binn\;C:\Program Files (x86)\Microsoft SQL Server\120\DTS\Binn\;C:\Program Files (x86)\MySQL\MySQL Utilities 1.6\;C:\Users\paul.LOCAL\AppData\Roaming\nvm;C:\Program Files\nodejs;C:\Users\paul.LOCAL\AppData\Roaming\nvm\v10.3.0;C:\WINDOWS\System32\OpenSSH\;C:\Program Files\Git\cmd;C:\Program Files\Microsoft SQL Server\Client SDK\ODBC\130\Tools\Binn\;C:\Program Files (x86)\Microsoft SQL Server\140\Tools\Binn\;C:\Program Files\Microsoft SQL Server\140\Tools\Binn\;C:\Program Files\Microsoft SQL Server\140\DTS\Binn\;C:\ProgramData\chocolatey\bin;C:\Program Files\Microsoft SQL Server\Client SDK\ODBC\170\Tools\Binn\;C:\Program Files (x86)\Mitel\Connect\;C:\Program Files\NVIDIA Corporation\NVIDIA NvDLISR;C:\Program Files (x86)\NVIDIA Corporation\PhysX\Common;C:\WINDOWS\system32;C:\WINDOWS;C:\WINDOWS\System32\Wbem;C:\WINDOWS\System32\WindowsPowerShell\v1.0\;C:\WINDOWS\System32\OpenSSH\;C:\Program Files\Microsoft VS Code\bin;C:\Program Files\Microsoft Network Monitor 3\;C:\Program Files\nodejs\;C:\Program Files\Docker\Docker\resources\bin;C:\ProgramData\DockerDesktop\version-bin;C:\Program Files\Microsoft SQL Server\150\Tools\Binn\;C:\Program Files\CMake\bin;C:\Program Files (x86)\dotnet-core-unin;C:\Program Files (x86)\dotnet-core-uninstall\;C:\WINDOWS\system32\config\systemprofile\AppData\Local\Microsoft\WindowsApps;C:\Users\paul.LOCAL\AppData\Local\Programs\Python\Python310\Scripts;C:\Users\paul.LOCAL\AppData\Roaming\Dashlane\4.8.8.36676\bin\Firefox_Extension\{442718d9-475e-452a-b3e1-fb1ee16b8e9f}\components;C:\Users\paul.LOCAL\AppData\Roaming\Dashlane\4.8.8.36676\ucrt;C:\Users\paul.LOCAL\AppData\Local\GitHubDesktop\bin;D:\PothosSDR\bin;C:\Users\paul.LOCAL\AppData\Local\Microsoft\WindowsApps;C:\Users\paul.LOCAL\AppData\Roaming\nvm;C:\Program Files\nodejs;C:\Users\paul.LOCAL\AppData\Roaming\Dashlane\6.0.3.11395\bin\Firefox_Extension\{442718d9-475e-452a-b3e1-fb1ee16b8e9f}\components;C:\Users\paul.LOCAL\AppData\Roaming\Dashlane\6.0.3.11395\ucrt;C:\Users\paul.LOCAL\AppData\Roaming\Dashlane\6.0.3.11395\bin\Qt;C:\Users\paul.LOCAL\AppData\Roaming\Dashlane\6.0.3.11395\bin\Ssl;C:\Users\paul.LOCAL\.dotnet\tools;C:\Users\paul.LOCAL\AppData\Roaming\Dashlane\6.1905.1.17471\bin\Firefox_Extension\{442718d9-475e-452a-b3e1-fb1ee16b8e9f}\components;C:\Users\paul.LOCAL\AppData\Roaming\Dashlane\6.1905.1.17471\ucrt;C:\Users\paul.LOCAL\AppData\Roaming\Dashlane\6.1905.1.17471\bin\Qt;C:\Users\paul.LOCAL\AppData\Roaming\Dashlane\6.1905.1.17471\bin\Ssl;D:\VS Code\bin;C:\Users\paul.LOCAL\AppData\Local\Microsoft\WindowsApps;C:\Program Files (x86)\FAHClient;C:\Program Files\PostgreSQL\12\bin;C:\Users\paul.LOCAL\AppData\Roaming\npm;C:\Users\paul.LOCAL\.dotnet\tools;
# makefile
.DEFAULT_GOAL := 
# environment
CONCEPT_INST_DIR = d:\OrCAD_16.6_Lite
# environment
NVM_HOME = C:\Users\paul.LOCAL\AppData\Roaming\nvm
# default
MAKE_VERSION := 4.3
# environment
PROGRAMFILES(X86) = C:\Program Files (x86)
# environment
USERDOMAIN_ROAMINGPROFILE = WINDEV8
# environment
NUMBER_OF_PROCESSORS = 4
# environment
UHD_PKG_PATH = d:\PothosSDR
# environment
PUBLIC = C:\Users\Public
# environment
ASL.LOG = Destination=file
# environment
APPDATA = C:\Users\paul.LOCAL\AppData\Roaming
# environment
HOMEDRIVE = C:
# environment
CDSROOT = d:\OrCAD_16.6_Lite
# environment
NVM_SYMLINK = C:\Program Files\nodejs
# environment
PROCESSOR_ARCHITECTURE = x86
# environment
BPADIR = C:\Program Files (x86)\Microsoft Team Foundation Server 2013 Power Tools\Best Practices Analyzer\
# environment
VSCODE_AMD_ENTRYPOINT = vs/workbench/api/node/extensionHostProcess
# environment
PLATFORMIO_IDE = 2.4.3
# environment
HOME = C:\Users\paul.LOCAL\AppData\Roaming\SPB_16.6
# environment
VXIPNPPATH = C:\Program Files (x86)\IVI Foundation\VISA\
# environment
COMMONPROGRAMFILES(X86) = C:\Program Files (x86)\Common Files
# environment
SOAPY_SDR_ROOT = d:\PothosSDR
# environment
ELECTRON_RUN_AS_NODE = 1
# environment
ANT_HOME = D:\apache-ant-1.9.3
# environment
TEMP = C:\Users\PAUL~1.LOC\AppData\Local\Temp
# environment
VSCODE_IPC_HOOK = \\.\pipe\101601d76fb3afef8cd8215be146dcc5-1.67.2-main-sock
# default
.RECIPEPREFIX := 
# automatic
<F = $(notdir $<)
# environment
VS150COMCOMNTOOLS = D:\Microsoft Visual Studio\2017\Community\Common7\Tools\
# environment
VOLK_PREFIX = d:\PothosSDR
# environment
GRC_BLOCKS_PATH = D:\PothosSDR\share\gnuradio\grc\blocks
# default
SUFFIXES := 
# environment
ALLUSERSPROFILE = C:\ProgramData
# environment
SESSIONNAME = Console
# environment
QTMSBUILD = C:\Users\paul.LOCAL\AppData\Local\QtMsBuild
# default
.FEATURES := target-specific order-only second-expansion 
 else-if shortest-stem undefine oneshell nocomment grouped-target extra-prereqs archives jobserver output-sync load
# environment
PROCESSOR_REVISION = 3c03
# environment
WIX = C:\Program Files (x86)\WiX Toolset v3.9\
# environment
PROCESSOR_IDENTIFIER = Intel64 Family 6 Model 60 Stepping 3, GenuineIntel
# environment
GR_PREFIX = d:\PothosSDR
# variable set hash-table stats:
# Load=148/1024=14%, Rehash=0, Collisions=16/172=9%

# Pattern-specific Variable Values

# No pattern-specific variable values.

# Dire 
ctories

# . (key c:/GitHub/my12, mtime 1655022617): 31 files, no impossibilities.

# 31 files, no impossibilities in 1 directories.

# Implicit Rules

# No implicit rules.

# Files

# Not a target:
Makefile:
#  Implicit rule search has been done.
#  File does not exist.
#  File has been updated.
#  Failed to be updated.

# Not a target:
.DEFAULT:
#  Implicit rule search has not been done.
#  Modification time never checked.
#  File has not been updated.

# Not a target:
all:
#  Command line target.
#  Implicit rule search has been done.
#  File does not exist.
#  File has not been updated.

# Not a target:
makefile:
#  Implicit rule search has been done.
#  File does not exist.
#  File has been updated.
#  Failed to be updated.

# Not a target:
makefile.mak:
#  Implicit rule search has been done.
#  File does not exist.
#  File has been updated.
#  Failed to be updated.

# Not a target:
GNUmakefile:
#  Implicit rule search has been done.
#  File does not exist.
#  File has been updated.
#  Failed to be updated.

# files hash-table stats:
# Load=7/1024=1%, Rehash=0, Collisions=0/16=0%
# VPATH Search Paths

# No 'vpath' search paths.

# No general ('VPATH' variable) search path.

# strcache buffers: 1 (0) / strings = 38 / storage = 380 B / avg = 10 B
# current buf: size = 8174 B / used = 380 B / count = 38 / avg = 10 B

# strcache performance: lookups = 41 / hit rate = 7%
# hash-table stats:
# Load=38/8192=0%, Rehash=0, Collisions=0/41=0%
# Finished Make data base on Sun Jun 12 23:24:27 2022

 
